2025-11-26 14:15:03,188 INFO Start pipeline
2025-11-26 14:15:03,188 INFO Fetching BTCUSDT 1m from https://api.binance.com attempt 1
2025-11-26 14:15:03,963 INFO Fetched 1000 klines from https://api.binance.com
2025-11-26 14:15:03,978 INFO Saved raw_1m.csv
2025-11-26 14:15:03,986 INFO Saved resampled_15m.csv
2025-11-26 14:15:03,990 INFO Saved resampled_1h.csv
2025-11-26 14:15:03,997 INFO Saved signals_15m.csv
2025-11-26 14:15:03,999 INFO Saved backtest.csv
2025-11-26 14:15:03,999 INFO Metrics: {'n_trades': 0, 'win_rate': 0.0, 'avg_ret': 0.0, 'pnl': 0.0, 'final_balance': 100.0}
2025-11-26 14:24:10,722 INFO Start pipeline
2025-11-26 14:24:10,722 INFO Fetching BTCUSDT 1m from https://api.binance.com attempt 1
2025-11-26 14:24:11,396 INFO Fetched 1000 klines from https://api.binance.com
2025-11-26 14:24:11,409 INFO Saved raw_1m.csv
2025-11-26 14:24:11,422 INFO Saved resampled_15m.csv
2025-11-26 14:24:11,426 INFO Saved resampled_1h.csv
2025-11-26 14:24:11,435 INFO Saved signals_15m.csv
2025-11-26 14:24:11,437 INFO Saved backtest.csv
2025-11-26 14:24:11,437 INFO Metrics: {'n_trades': 0, 'win_rate': 0.0, 'avg_ret': 0.0, 'pnl': 0.0, 'final_balance': 100.0}
2025-11-26 14:40:02,066 INFO Start pipeline - paginated 90 days fetch
2025-11-26 14:40:02,066 INFO Starting paginated fetch from 2025-08-28 17:40:02.066000+00:00 to 2025-11-26 17:40:02.066000+00:00 (days=90)
2025-11-26 14:40:02,794 INFO Fetched 1000 bars from https://api.binance.com (last open 2025-08-29T10:20:00+00:00)
2025-11-26 14:40:03,693 INFO Fetched 1000 bars from https://api.binance.com (last open 2025-08-30T03:00:00+00:00)
2025-11-26 14:40:04,217 INFO Fetched 1000 bars from https://api.binance.com (last open 2025-08-30T19:40:00+00:00)
2025-11-26 14:40:05,010 INFO Fetched 1000 bars from https://api.binance.com (last open 2025-08-31T12:20:00+00:00)
2025-11-26 14:40:05,537 INFO Fetched 1000 bars from https://api.binance.com (last open 2025-09-01T05:00:00+00:00)
2025-11-26 14:40:06,338 INFO Fetched 1000 bars from https://api.binance.com (last open 2025-09-01T21:40:00+00:00)
2025-11-26 14:40:06,870 INFO Fetched 1000 bars from https://api.binance.com (last open 2025-09-02T14:20:00+00:00)
2025-11-26 14:40:07,501 INFO Fetched 1000 bars from https://api.binance.com (last open 2025-09-03T07:00:00+00:00)
2025-11-26 14:40:08,619 INFO Fetched 1000 bars from https://api.binance.com (last open 2025-09-03T23:40:00+00:00)
2025-11-26 14:40:09,129 INFO Fetched 1000 bars from https://api.binance.com (last open 2025-09-04T16:20:00+00:00)
2025-11-26 14:40:09,689 INFO Fetched 1000 bars from https://api.binance.com (last open 2025-09-05T09:00:00+00:00)
2025-11-26 14:40:10,203 INFO Fetched 1000 bars from https://api.binance.com (last open 2025-09-06T01:40:00+00:00)
2025-11-26 14:40:10,748 INFO Fetched 1000 bars from https://api.binance.com (last open 2025-09-06T18:20:00+00:00)
2025-11-26 14:40:11,482 INFO Fetched 1000 bars from https://api.binance.com (last open 2025-09-07T11:00:00+00:00)
2025-11-26 14:40:12,075 INFO Fetched 1000 bars from https://api.binance.com (last open 2025-09-08T03:40:00+00:00)
2025-11-26 14:40:12,717 INFO Fetched 1000 bars from https://api.binance.com (last open 2025-09-08T20:20:00+00:00)
2025-11-26 14:40:13,623 INFO Fetched 1000 bars from https://api.binance.com (last open 2025-09-09T13:00:00+00:00)
2025-11-26 14:40:14,239 INFO Fetched 1000 bars from https://api.binance.com (last open 2025-09-10T05:40:00+00:00)
2025-11-26 14:40:14,754 INFO Fetched 1000 bars from https://api.binance.com (last open 2025-09-10T22:20:00+00:00)
2025-11-26 14:40:15,674 INFO Fetched 1000 bars from https://api.binance.com (last open 2025-09-11T15:00:00+00:00)
2025-11-26 14:40:16,231 INFO Fetched 1000 bars from https://api.binance.com (last open 2025-09-12T07:40:00+00:00)
2025-11-26 14:40:16,793 INFO Fetched 1000 bars from https://api.binance.com (last open 2025-09-13T00:20:00+00:00)
2025-11-26 14:40:17,302 INFO Fetched 1000 bars from https://api.binance.com (last open 2025-09-13T17:00:00+00:00)
2025-11-26 14:40:18,017 INFO Fetched 1000 bars from https://api.binance.com (last open 2025-09-14T09:40:00+00:00)
2025-11-26 14:40:18,632 INFO Fetched 1000 bars from https://api.binance.com (last open 2025-09-15T02:20:00+00:00)
2025-11-26 14:40:19,453 INFO Fetched 1000 bars from https://api.binance.com (last open 2025-09-15T19:00:00+00:00)
2025-11-26 14:40:20,674 INFO Fetched 1000 bars from https://api.binance.com (last open 2025-09-16T11:40:00+00:00)
2025-11-26 14:40:21,287 INFO Fetched 1000 bars from https://api.binance.com (last open 2025-09-17T04:20:00+00:00)
2025-11-26 14:40:22,122 INFO Fetched 1000 bars from https://api.binance.com (last open 2025-09-17T21:00:00+00:00)
2025-11-26 14:40:24,291 INFO Fetched 1000 bars from https://api.binance.com (last open 2025-09-18T13:40:00+00:00)
2025-11-26 14:40:24,808 INFO Fetched 1000 bars from https://api.binance.com (last open 2025-09-19T06:20:00+00:00)
2025-11-26 14:40:25,391 INFO Fetched 1000 bars from https://api.binance.com (last open 2025-09-19T23:00:00+00:00)
2025-11-26 14:40:25,909 INFO Fetched 1000 bars from https://api.binance.com (last open 2025-09-20T15:40:00+00:00)
2025-11-26 14:40:26,413 INFO Fetched 1000 bars from https://api.binance.com (last open 2025-09-21T08:20:00+00:00)
2025-11-26 14:40:27,599 INFO Fetched 1000 bars from https://api.binance.com (last open 2025-09-22T01:00:00+00:00)
2025-11-26 14:40:28,672 INFO Fetched 1000 bars from https://api.binance.com (last open 2025-09-22T17:40:00+00:00)
2025-11-26 14:40:29,289 INFO Fetched 1000 bars from https://api.binance.com (last open 2025-09-23T10:20:00+00:00)
2025-11-26 14:40:29,805 INFO Fetched 1000 bars from https://api.binance.com (last open 2025-09-24T03:00:00+00:00)
2025-11-26 14:40:30,408 INFO Fetched 1000 bars from https://api.binance.com (last open 2025-09-24T19:40:00+00:00)
2025-11-26 14:40:31,028 INFO Fetched 1000 bars from https://api.binance.com (last open 2025-09-25T12:20:00+00:00)
2025-11-26 14:40:31,741 INFO Fetched 1000 bars from https://api.binance.com (last open 2025-09-26T05:00:00+00:00)
2025-11-26 14:40:32,406 INFO Fetched 1000 bars from https://api.binance.com (last open 2025-09-26T21:40:00+00:00)
2025-11-26 14:40:32,921 INFO Fetched 1000 bars from https://api.binance.com (last open 2025-09-27T14:20:00+00:00)
2025-11-26 14:40:34,403 INFO Fetched 1000 bars from https://api.binance.com (last open 2025-09-28T07:00:00+00:00)
2025-11-26 14:40:35,121 INFO Fetched 1000 bars from https://api.binance.com (last open 2025-09-28T23:40:00+00:00)
2025-11-26 14:40:36,354 INFO Fetched 1000 bars from https://api.binance.com (last open 2025-09-29T16:20:00+00:00)
2025-11-26 14:40:36,969 INFO Fetched 1000 bars from https://api.binance.com (last open 2025-09-30T09:00:00+00:00)
2025-11-26 14:40:38,713 INFO Fetched 1000 bars from https://api.binance.com (last open 2025-10-01T01:40:00+00:00)
2025-11-26 14:40:39,421 INFO Fetched 1000 bars from https://api.binance.com (last open 2025-10-01T18:20:00+00:00)
2025-11-26 14:40:41,997 INFO Fetched 1000 bars from https://api.binance.com (last open 2025-10-02T11:00:00+00:00)
2025-11-26 14:40:43,061 INFO Fetched 1000 bars from https://api.binance.com (last open 2025-10-03T03:40:00+00:00)
2025-11-26 14:40:43,618 INFO Fetched 1000 bars from https://api.binance.com (last open 2025-10-03T20:20:00+00:00)
2025-11-26 14:40:44,131 INFO Fetched 1000 bars from https://api.binance.com (last open 2025-10-04T13:00:00+00:00)
2025-11-26 14:40:45,792 INFO Fetched 1000 bars from https://api.binance.com (last open 2025-10-05T05:40:00+00:00)
2025-11-26 14:40:46,578 INFO Fetched 1000 bars from https://api.binance.com (last open 2025-10-05T22:20:00+00:00)
2025-11-26 14:40:47,099 INFO Fetched 1000 bars from https://api.binance.com (last open 2025-10-06T15:00:00+00:00)
2025-11-26 14:40:47,612 INFO Fetched 1000 bars from https://api.binance.com (last open 2025-10-07T07:40:00+00:00)
2025-11-26 14:40:48,330 INFO Fetched 1000 bars from https://api.binance.com (last open 2025-10-08T00:20:00+00:00)
2025-11-26 14:40:49,866 INFO Fetched 1000 bars from https://api.binance.com (last open 2025-10-08T17:00:00+00:00)
2025-11-26 14:40:51,487 INFO Fetched 1000 bars from https://api.binance.com (last open 2025-10-09T09:40:00+00:00)
2025-11-26 14:40:52,285 INFO Fetched 1000 bars from https://api.binance.com (last open 2025-10-10T02:20:00+00:00)
2025-11-26 14:40:52,937 INFO Fetched 1000 bars from https://api.binance.com (last open 2025-10-10T19:00:00+00:00)
2025-11-26 14:40:53,552 INFO Fetched 1000 bars from https://api.binance.com (last open 2025-10-11T11:40:00+00:00)
2025-11-26 14:40:54,181 INFO Fetched 1000 bars from https://api.binance.com (last open 2025-10-12T04:20:00+00:00)
2025-11-26 14:40:54,879 INFO Fetched 1000 bars from https://api.binance.com (last open 2025-10-12T21:00:00+00:00)
2025-11-26 14:40:55,523 INFO Fetched 1000 bars from https://api.binance.com (last open 2025-10-13T13:40:00+00:00)
2025-11-26 14:40:56,029 INFO Fetched 1000 bars from https://api.binance.com (last open 2025-10-14T06:20:00+00:00)
2025-11-26 14:40:56,531 INFO Fetched 1000 bars from https://api.binance.com (last open 2025-10-14T23:00:00+00:00)
2025-11-26 14:40:57,232 INFO Fetched 1000 bars from https://api.binance.com (last open 2025-10-15T15:40:00+00:00)
2025-11-26 14:40:57,897 INFO Fetched 1000 bars from https://api.binance.com (last open 2025-10-16T08:20:00+00:00)
2025-11-26 14:41:00,518 INFO Fetched 1000 bars from https://api.binance.com (last open 2025-10-17T01:00:00+00:00)
2025-11-26 14:41:01,030 INFO Fetched 1000 bars from https://api.binance.com (last open 2025-10-17T17:40:00+00:00)
2025-11-26 14:41:01,648 INFO Fetched 1000 bars from https://api.binance.com (last open 2025-10-18T10:20:00+00:00)
2025-11-26 14:41:02,171 INFO Fetched 1000 bars from https://api.binance.com (last open 2025-10-19T03:00:00+00:00)
2025-11-26 14:41:02,917 INFO Fetched 1000 bars from https://api.binance.com (last open 2025-10-19T19:40:00+00:00)
2025-11-26 14:41:03,479 INFO Fetched 1000 bars from https://api.binance.com (last open 2025-10-20T12:20:00+00:00)
2025-11-26 14:41:04,006 INFO Fetched 1000 bars from https://api.binance.com (last open 2025-10-21T05:00:00+00:00)
2025-11-26 14:41:04,709 INFO Fetched 1000 bars from https://api.binance.com (last open 2025-10-21T21:40:00+00:00)
2025-11-26 14:41:05,228 INFO Fetched 1000 bars from https://api.binance.com (last open 2025-10-22T14:20:00+00:00)
2025-11-26 14:41:05,937 INFO Fetched 1000 bars from https://api.binance.com (last open 2025-10-23T07:00:00+00:00)
2025-11-26 14:41:06,556 INFO Fetched 1000 bars from https://api.binance.com (last open 2025-10-23T23:40:00+00:00)
2025-11-26 14:41:07,187 INFO Fetched 1000 bars from https://api.binance.com (last open 2025-10-24T16:20:00+00:00)
2025-11-26 14:41:07,790 INFO Fetched 1000 bars from https://api.binance.com (last open 2025-10-25T09:00:00+00:00)
2025-11-26 14:41:08,308 INFO Fetched 1000 bars from https://api.binance.com (last open 2025-10-26T01:40:00+00:00)
2025-11-26 14:41:09,433 INFO Fetched 1000 bars from https://api.binance.com (last open 2025-10-26T18:20:00+00:00)
2025-11-26 14:41:09,946 INFO Fetched 1000 bars from https://api.binance.com (last open 2025-10-27T11:00:00+00:00)
2025-11-26 14:41:11,260 INFO Fetched 1000 bars from https://api.binance.com (last open 2025-10-28T03:40:00+00:00)
2025-11-26 14:41:11,882 INFO Fetched 1000 bars from https://api.binance.com (last open 2025-10-28T20:20:00+00:00)
2025-11-26 14:41:12,393 INFO Fetched 1000 bars from https://api.binance.com (last open 2025-10-29T13:00:00+00:00)
2025-11-26 14:41:13,170 INFO Fetched 1000 bars from https://api.binance.com (last open 2025-10-30T05:40:00+00:00)
2025-11-26 14:41:14,129 INFO Fetched 1000 bars from https://api.binance.com (last open 2025-10-30T22:20:00+00:00)
2025-11-26 14:41:14,863 INFO Fetched 1000 bars from https://api.binance.com (last open 2025-10-31T15:00:00+00:00)
2025-11-26 14:41:15,459 INFO Fetched 1000 bars from https://api.binance.com (last open 2025-11-01T07:40:00+00:00)
2025-11-26 14:41:16,486 INFO Fetched 1000 bars from https://api.binance.com (last open 2025-11-02T00:20:00+00:00)
2025-11-26 14:41:17,708 INFO Fetched 1000 bars from https://api.binance.com (last open 2025-11-02T17:00:00+00:00)
2025-11-26 14:41:18,229 INFO Fetched 1000 bars from https://api.binance.com (last open 2025-11-03T09:40:00+00:00)
2025-11-26 14:41:18,949 INFO Fetched 1000 bars from https://api.binance.com (last open 2025-11-04T02:20:00+00:00)
2025-11-26 14:41:19,469 INFO Fetched 1000 bars from https://api.binance.com (last open 2025-11-04T19:00:00+00:00)
2025-11-26 14:41:19,982 INFO Fetched 1000 bars from https://api.binance.com (last open 2025-11-05T11:40:00+00:00)
2025-11-26 14:41:20,905 INFO Fetched 1000 bars from https://api.binance.com (last open 2025-11-06T04:20:00+00:00)
2025-11-26 14:41:21,424 INFO Fetched 1000 bars from https://api.binance.com (last open 2025-11-06T21:00:00+00:00)
2025-11-26 14:41:22,121 INFO Fetched 1000 bars from https://api.binance.com (last open 2025-11-07T13:40:00+00:00)
2025-11-26 14:41:22,640 INFO Fetched 1000 bars from https://api.binance.com (last open 2025-11-08T06:20:00+00:00)
2025-11-26 14:41:23,555 INFO Fetched 1000 bars from https://api.binance.com (last open 2025-11-08T23:00:00+00:00)
2025-11-26 14:41:24,172 INFO Fetched 1000 bars from https://api.binance.com (last open 2025-11-09T15:40:00+00:00)
2025-11-26 14:41:24,690 INFO Fetched 1000 bars from https://api.binance.com (last open 2025-11-10T08:20:00+00:00)
2025-11-26 14:41:26,008 INFO Fetched 1000 bars from https://api.binance.com (last open 2025-11-11T01:00:00+00:00)
2025-11-26 14:41:26,629 INFO Fetched 1000 bars from https://api.binance.com (last open 2025-11-11T17:40:00+00:00)
2025-11-26 14:41:27,420 INFO Fetched 1000 bars from https://api.binance.com (last open 2025-11-12T10:20:00+00:00)
2025-11-26 14:41:28,273 INFO Fetched 1000 bars from https://api.binance.com (last open 2025-11-13T03:00:00+00:00)
2025-11-26 14:41:29,797 INFO Fetched 1000 bars from https://api.binance.com (last open 2025-11-13T19:40:00+00:00)
2025-11-26 14:41:30,728 INFO Fetched 1000 bars from https://api.binance.com (last open 2025-11-14T12:20:00+00:00)
2025-11-26 14:41:32,590 INFO Fetched 1000 bars from https://api.binance.com (last open 2025-11-15T05:00:00+00:00)
2025-11-26 14:41:33,382 INFO Fetched 1000 bars from https://api.binance.com (last open 2025-11-15T21:40:00+00:00)
2025-11-26 14:41:33,905 INFO Fetched 1000 bars from https://api.binance.com (last open 2025-11-16T14:20:00+00:00)
2025-11-26 14:41:34,519 INFO Fetched 1000 bars from https://api.binance.com (last open 2025-11-17T07:00:00+00:00)
2025-11-26 14:41:35,038 INFO Fetched 1000 bars from https://api.binance.com (last open 2025-11-17T23:40:00+00:00)
2025-11-26 14:41:35,743 INFO Fetched 1000 bars from https://api.binance.com (last open 2025-11-18T16:20:00+00:00)
2025-11-26 14:41:36,370 INFO Fetched 1000 bars from https://api.binance.com (last open 2025-11-19T09:00:00+00:00)
2025-11-26 14:41:37,277 INFO Fetched 1000 bars from https://api.binance.com (last open 2025-11-20T01:40:00+00:00)
2025-11-26 14:41:37,902 INFO Fetched 1000 bars from https://api.binance.com (last open 2025-11-20T18:20:00+00:00)
2025-11-26 14:41:38,514 INFO Fetched 1000 bars from https://api.binance.com (last open 2025-11-21T11:00:00+00:00)
2025-11-26 14:41:39,635 INFO Fetched 1000 bars from https://api.binance.com (last open 2025-11-22T03:40:00+00:00)
2025-11-26 14:41:42,186 INFO Fetched 1000 bars from https://api.binance.com (last open 2025-11-22T20:20:00+00:00)
2025-11-26 14:41:43,112 INFO Fetched 1000 bars from https://api.binance.com (last open 2025-11-23T13:00:00+00:00)
2025-11-26 14:41:44,056 INFO Fetched 1000 bars from https://api.binance.com (last open 2025-11-24T05:40:00+00:00)
2025-11-26 14:41:44,650 INFO Fetched 1000 bars from https://api.binance.com (last open 2025-11-24T22:20:00+00:00)
2025-11-26 14:41:45,746 INFO Fetched 1000 bars from https://api.binance.com (last open 2025-11-25T15:00:00+00:00)
2025-11-26 14:41:47,520 INFO Fetched 1000 bars from https://api.binance.com (last open 2025-11-26T07:40:00+00:00)
2025-11-26 14:41:48,029 INFO Fetched 601 bars from https://api.binance.com (last open 2025-11-26T17:41:00+00:00)
2025-11-26 14:41:48,253 INFO Total bars fetched: 129601
2025-11-26 14:41:48,862 INFO Saved raw_1m.csv (129601 rows)
2025-11-26 14:41:48,937 INFO Saved resampled files: 15m(8641 rows) 1h(2161 rows)
2025-11-26 14:41:48,998 INFO Saved signals_15m.csv
2025-11-26 14:41:49,101 INFO Saved backtest.csv
2025-11-26 14:41:49,101 INFO Metrics: {'n_trades': 153, 'win_rate': 0.30718954248366015, 'total_pnl': np.float64(-0.16191809421301834), 'avg_pnl': np.float64(-0.0010652506198224891), 'final_balance': 99.83808190578704}
